#
# There is insufficient memory for the Java Runtime Environment to continue.
# Native memory allocation (malloc) failed to allocate 15990784 bytes for committing reserved memory.
# Possible reasons:
#   The system is out of physical RAM or swap space
#   In 32 bit mode, the process size limit was hit
# Possible solutions:
#   Reduce memory load on the system
#   Increase physical memory or swap space
#   Check if swap backing store is full
#   Use 64 bit Java on a 64 bit OS
#   Decrease Java heap size (-Xmx/-Xms)
#   Decrease number of Java threads
#   Decrease Java thread stack sizes (-Xss)
#   Set larger code cache with -XX:ReservedCodeCacheSize=
# This output file may be truncated or incomplete.
#
#  Out of Memory Error (os_linux.cpp:2809), pid=6245, tid=1741482816
#
# JRE version: OpenJDK Runtime Environment (7.0_79-b14) (build 1.7.0_79-b14)
# Java VM: OpenJDK Server VM (24.79-b02 mixed mode linux-x86 )
# Derivative: IcedTea 2.5.5
# Distribution: Ubuntu 14.04 LTS, package 7u79-2.5.5-0ubuntu0.14.04.2
# Failed to write core dump. Core dumps have been disabled. To enable core dumping, try "ulimit -c unlimited" before starting Java again
#

---------------  T H R E A D  ---------------

Current thread (0x67b80400):  VMThread [stack: 0x67c4e000,0x67ccf000] [id=6285]

Stack: [0x67c4e000,0x67ccf000]
VM_Operation (0xb6561968): ParallelGCFailedAllocation, mode: safepoint, requested by thread 0xb6407c00


---------------  P R O C E S S  ---------------

Java Threads: ( => current thread )
  0x67b9c000 JavaThread "Service Thread" daemon [_thread_blocked, id=6311, stack(0x6755c000,0x675ad000)]
  0x67b9a400 JavaThread "C2 CompilerThread1" daemon [_thread_blocked, id=6305, stack(0x675ad000,0x6762e000)]
  0x67b98400 JavaThread "C2 CompilerThread0" daemon [_thread_blocked, id=6301, stack(0x6762e000,0x676af000)]
  0x67b96c00 JavaThread "Signal Dispatcher" daemon [_thread_blocked, id=6297, stack(0x676af000,0x67700000)]
  0x67b84800 JavaThread "Finalizer" daemon [_thread_blocked, id=6294, stack(0x6a82e000,0x6a87f000)]
  0x67b83000 JavaThread "Reference Handler" daemon [_thread_blocked, id=6291, stack(0x6aa2e000,0x6aa7f000)]
  0xb6407c00 JavaThread "main" [_thread_blocked, id=6267, stack(0xb6512000,0xb6563000)]

Other Threads:
=>0x67b80400 VMThread [stack: 0x67c4e000,0x67ccf000] [id=6285]
  0x67b9dc00 WatcherThread [stack: 0x674db000,0x6755c000] [id=6316]

VM state:at safepoint (normal execution)

VM Mutex/Monitor currently owned by a thread:  ([mutex/lock_event])
[0xb64052b8] Threads_lock - owner thread: 0x67b80400
[0xb64056c8] Heap_lock - owner thread: 0xb6407c00

Heap
 PSYoungGen      total 18176K, used 2546K [0x9dd40000, 0x9f180000, 0xb32c0000)
  eden space 15616K, 0% used [0x9dd40000,0x9dd40000,0x9ec80000)
  from space 2560K, 99% used [0x9ec80000,0x9eefc8a8,0x9ef00000)
  to   space 2560K, 0% used [0x9ef00000,0x9ef00000,0x9f180000)
 ParOldGen       total 41216K, used 5218K [0x732c0000, 0x75b00000, 0x9dd40000)
  object space 41216K, 12% used [0x732c0000,0x737d8a18,0x75b00000)
 PSPermGen       total 16384K, used 3933K [0x6b2c0000, 0x6c2c0000, 0x732c0000)
  object space 16384K, 24% used [0x6b2c0000,0x6b6975e8,0x6c2c0000)

Card table byte_map: [0x6b07f000,0x6b2c0000] byte_map_base: 0x6ad25a00

Polling page: 0xb7712000

Code Cache  [0xb338d000, 0xb35cd000, 0xb638d000)
 total_blobs=398 nmethods=278 adapters=73 free_code_cache=48142Kb largest_free_block=49228288

Compilation events (10 events):
Event: 58.731 Thread 0x67b9a400  274             com.android.dx.rop.code.PlainInsn::withNewRegisters (18 bytes)
Event: 58.733 Thread 0x67b9a400 nmethod 274 0xb3473288 code [0xb34733a0, 0xb3473530]
Event: 58.733 Thread 0x67b9a400  275             java.util.AbstractSet::<init> (5 bytes)
Event: 58.733 Thread 0x67b9a400 nmethod 275 0xb3473708 code [0xb34737e0, 0xb3473830]
Event: 58.733 Thread 0x67b9a400  276   !         com.android.dx.cf.code.BytecodeArray::parseInstruction (2764 bytes)
Event: 59.547 Thread 0x67b9a400 nmethod 276 0xb348a588 code [0xb348ba20, 0xb3491a64]
Event: 59.547 Thread 0x67b98400 nmethod 270 0xb34824c8 code [0xb3482a20, 0xb34853dc]
Event: 59.610 Thread 0x67b9a400  277             com.android.dx.cf.code.ByteOps::opInfo (6 bytes)
Event: 59.610 Thread 0x67b98400  278             com.android.dx.cf.code.RopperMachine::jopToRopOpcode (1103 bytes)
Event: 62.354 Thread 0x67b9a400 nmethod 277 0xb34730c8 code [0xb34731c0, 0xb3473210]

GC Heap History (5 events):
Event: 57.557 GC heap before
{Heap before GC invocations=1 (full 0):
 PSYoungGen      total 18176K, used 15616K [0x9dd40000, 0x9f180000, 0xb32c0000)
  eden space 15616K, 100% used [0x9dd40000,0x9ec80000,0x9ec80000)
  from space 2560K, 0% used [0x9ef00000,0x9ef00000,0x9f180000)
  to   space 2560K, 0% used [0x9ec80000,0x9ec80000,0x9ef00000)
 ParOldGen       total 41216K, used 0K [0x732c0000, 0x75b00000, 0x9dd40000)
  object space 41216K, 0% used [0x732c0000,0x732c0000,0x75b00000)
 PSPermGen       total 16384K, used 3798K [0x6b2c0000, 0x6c2c0000, 0x732c0000)
  object space 16384K, 23% used [0x6b2c0000,0x6b6759b8,0x6c2c0000)
Event: 57.723 GC heap after
Heap after GC invocations=1 (full 0):
 PSYoungGen      total 18176K, used 2547K [0x9dd40000, 0x9f180000, 0xb32c0000)
  eden space 15616K, 0% used [0x9dd40000,0x9dd40000,0x9ec80000)
  from space 2560K, 99% used [0x9ec80000,0x9eefce70,0x9ef00000)
  to   space 2560K, 0% used [0x9ef00000,0x9ef00000,0x9f180000)
 ParOldGen       total 41216K, used 1204K [0x732c0000, 0x75b00000, 0x9dd40000)
  object space 41216K, 2% used [0x732c0000,0x733ed0a0,0x75b00000)
 PSPermGen       total 16384K, used 3798K [0x6b2c0000, 0x6c2c0000, 0x732c0000)
  object space 16384K, 23% used [0x6b2c0000,0x6b6759b8,0x6c2c0000)
}
Event: 58.673 GC heap before
{Heap before GC invocations=2 (full 0):
 PSYoungGen      total 18176K, used 18163K [0x9dd40000, 0x9f180000, 0xb32c0000)
  eden space 15616K, 100% used [0x9dd40000,0x9ec80000,0x9ec80000)
  from space 2560K, 99% used [0x9ec80000,0x9eefce70,0x9ef00000)
  to   space 2560K, 0% used [0x9ef00000,0x9ef00000,0x9f180000)
 ParOldGen       total 41216K, used 1204K [0x732c0000, 0x75b00000, 0x9dd40000)
  object space 41216K, 2% used [0x732c0000,0x733ed0a0,0x75b00000)
 PSPermGen       total 16384K, used 3913K [0x6b2c0000, 0x6c2c0000, 0x732c0000)
  object space 16384K, 23% used [0x6b2c0000,0x6b692470,0x6c2c0000)
Event: 58.679 GC heap after
Heap after GC invocations=2 (full 0):
 PSYoungGen      total 18176K, used 2556K [0x9dd40000, 0x9f180000, 0xb32c0000)
  eden space 15616K, 0% used [0x9dd40000,0x9dd40000,0x9ec80000)
  from space 2560K, 99% used [0x9ef00000,0x9f17f3d0,0x9f180000)
  to   space 2560K, 0% used [0x9ec80000,0x9ec80000,0x9ef00000)
 ParOldGen       total 41216K, used 3219K [0x732c0000, 0x75b00000, 0x9dd40000)
  object space 41216K, 7% used [0x732c0000,0x735e4cb8,0x75b00000)
 PSPermGen       total 16384K, used 3913K [0x6b2c0000, 0x6c2c0000, 0x732c0000)
  object space 16384K, 23% used [0x6b2c0000,0x6b692470,0x6c2c0000)
}
Event: 62.842 GC heap before
{Heap before GC invocations=3 (full 0):
 PSYoungGen      total 18176K, used 18172K [0x9dd40000, 0x9f180000, 0xb32c0000)
  eden space 15616K, 100% used [0x9dd40000,0x9ec80000,0x9ec80000)
  from space 2560K, 99% used [0x9ef00000,0x9f17f3d0,0x9f180000)
  to   space 2560K, 0% used [0x9ec80000,0x9ec80000,0x9ef00000)
 ParOldGen       total 41216K, used 3219K [0x732c0000, 0x75b00000, 0x9dd40000)
  object space 41216K, 7% used [0x732c0000,0x735e4cb8,0x75b00000)
 PSPermGen       total 16384K, used 3933K [0x6b2c0000, 0x6c2c0000, 0x732c0000)
  object space 16384K, 24% used [0x6b2c0000,0x6b6975e8,0x6c2c0000)

Deoptimization events (10 events):
Event: 57.771 Thread 0xb6407c00 Uncommon trap: reason=class_check action=maybe_recompile pc=0xb33e0ee0 method=com.android.dx.ssa.NormalSsaInsn.accept(Lcom/android/dx/ssa/SsaInsn$Visitor;)V @ 9
Event: 57.771 Thread 0xb6407c00 Uncommon trap: reason=class_check action=maybe_recompile pc=0xb33e0ee0 method=com.android.dx.ssa.NormalSsaInsn.accept(Lcom/android/dx/ssa/SsaInsn$Visitor;)V @ 9
Event: 57.772 Thread 0xb6407c00 Uncommon trap: reason=class_check action=maybe_recompile pc=0xb33e0ee0 method=com.android.dx.ssa.NormalSsaInsn.accept(Lcom/android/dx/ssa/SsaInsn$Visitor;)V @ 9
Event: 58.285 Thread 0xb6407c00 Uncommon trap: reason=null_check action=make_not_entrant pc=0xb3410d70 method=com.android.dx.ssa.SsaRenamer.getLocalForNewReg(I)Lcom/android/dx/rop/code/LocalItem; @ 19
Event: 58.361 Thread 0xb6407c00 Uncommon trap: reason=null_check action=make_not_entrant pc=0xb3424924 method=com.android.dx.rop.type.Type.putIntern(Lcom/android/dx/rop/type/Type;)Lcom/android/dx/rop/type/Type; @ 18
Event: 58.405 Thread 0xb6407c00 Uncommon trap: reason=unreached action=reinterpret pc=0xb33e62d4 method=com.android.dx.rop.cst.Constant.compareTo(Lcom/android/dx/rop/cst/Constant;)I @ 12
Event: 58.713 Thread 0xb6407c00 Uncommon trap: reason=unreached action=reinterpret pc=0xb3468fb0 method=com.android.dx.util.LabeledList.set(ILcom/android/dx/util/LabeledItem;)V @ 16
Event: 59.142 Thread 0xb6407c00 Uncommon trap: reason=unreached action=reinterpret pc=0xb342ec90 method=com.android.dx.ssa.LocalVariableExtractor.processBlock(I)V @ 251
Event: 59.249 Thread 0xb6407c00 Uncommon trap: reason=unreached action=reinterpret pc=0xb344d79c method=com.android.dx.rop.code.LocalVariableExtractor.processBlock(I)V @ 195
Event: 62.233 Thread 0xb6407c00 Uncommon trap: reason=null_check action=make_not_entrant pc=0xb33f6f94 method=com.android.dx.rop.type.Type.equals(Ljava/lang/Object;)Z @ 8

Internal exceptions (10 events):
Event: 57.811 Thread 0xb6407c00 Threw 0x9dfa37c8 at /build/buildd/openjdk-7-7u79-2.5.5/build/openjdk/hotspot/src/share/vm/prims/jvm.cpp:1284
Event: 57.811 Thread 0xb6407c00 Threw 0x9dfa64e0 at /build/buildd/openjdk-7-7u79-2.5.5/build/openjdk/hotspot/src/share/vm/prims/jvm.cpp:1284
Event: 57.812 Thread 0xb6407c00 Threw 0x9dfbb7e0 at /build/buildd/openjdk-7-7u79-2.5.5/build/openjdk/hotspot/src/share/vm/prims/jvm.cpp:1284
Event: 58.006 Thread 0xb6407c00 Threw 0x9dfc1678 at /build/buildd/openjdk-7-7u79-2.5.5/build/openjdk/hotspot/src/share/vm/prims/jvm.cpp:1284
Event: 58.106 Thread 0xb6407c00 Threw 0x9dfc7230 at /build/buildd/openjdk-7-7u79-2.5.5/build/openjdk/hotspot/src/share/vm/prims/jvm.cpp:1284
Event: 58.196 Thread 0xb6407c00 Threw 0x9e431538 at /build/buildd/openjdk-7-7u79-2.5.5/build/openjdk/hotspot/src/share/vm/prims/jvm.cpp:1284
Event: 58.285 Thread 0xb6407c00 Implicit null exception at 0xb340fab3 to 0xb3410d61
Event: 58.361 Thread 0xb6407c00 Implicit null exception at 0xb3424336 to 0xb3424915
Event: 58.680 Thread 0xb6407c00 Threw 0x9dd43750 at /build/buildd/openjdk-7-7u79-2.5.5/build/openjdk/hotspot/src/share/vm/prims/jvm.cpp:1284
Event: 62.148 Thread 0xb6407c00 Implicit null exception at 0xb33f6eab to 0xb33f6f85

Events (10 events):
Event: 58.933 Thread 0xb6407c00 Uncommon trap: trap_request=0xffffffad fr.pc=0xb342ec90
Event: 59.169 Thread 0xb6407c00 DEOPT PACKING pc=0xb342ec90 sp=0xb6561a60
Event: 59.221 Thread 0xb6407c00 DEOPT UNPACKING pc=0xb33b9bc8 sp=0xb6561a58 mode 2
Event: 59.249 Thread 0xb6407c00 Uncommon trap: trap_request=0xffffffad fr.pc=0xb344d79c
Event: 59.249 Thread 0xb6407c00 DEOPT PACKING pc=0xb344d79c sp=0xb6561b30
Event: 59.249 Thread 0xb6407c00 DEOPT UNPACKING pc=0xb33b9bc8 sp=0xb6561b20 mode 2
Event: 62.228 Thread 0xb6407c00 Uncommon trap: trap_request=0xfffffff4 fr.pc=0xb33f6f94
Event: 62.233 Thread 0xb6407c00 DEOPT PACKING pc=0xb33f6f94 sp=0xb65619a0
Event: 62.333 Thread 0xb6407c00 DEOPT UNPACKING pc=0xb33b9bc8 sp=0xb6561974 mode 2
Event: 62.422 Executing VM operation: ParallelGCFailedAllocation


Dynamic libraries:
08048000-08049000 r-xp 00000000 08:07 3285374    /usr/lib/jvm/java-7-openjdk-i386/jre/bin/java
08049000-0804a000 r--p 00000000 08:07 3285374    /usr/lib/jvm/java-7-openjdk-i386/jre/bin/java
0804a000-0804b000 rw-p 00001000 08:07 3285374    /usr/lib/jvm/java-7-openjdk-i386/jre/bin/java
09aff000-09b23000 rw-p 00000000 00:00 0          [heap]
66300000-6636c000 rw-p 00000000 00:00 0 
6636c000-66400000 ---p 00000000 00:00 0 
66500000-665db000 rw-p 00000000 00:00 0 
665db000-66600000 ---p 00000000 00:00 0 
66600000-666ff000 rw-p 00000000 00:00 0 
666ff000-66700000 ---p 00000000 00:00 0 
66700000-667ff000 rw-p 00000000 00:00 0 
667ff000-66800000 ---p 00000000 00:00 0 
66800000-668f4000 rw-p 00000000 00:00 0 
668f4000-66900000 ---p 00000000 00:00 0 
66900000-669f6000 rw-p 00000000 00:00 0 
669f6000-66a00000 ---p 00000000 00:00 0 
66a00000-66afa000 rw-p 00000000 00:00 0 
66afa000-66b00000 ---p 00000000 00:00 0 
66b00000-66bff000 rw-p 00000000 00:00 0 
66bff000-66c00000 ---p 00000000 00:00 0 
66d00000-66e00000 rw-p 00000000 00:00 0 
66e00000-66f00000 rw-p 00000000 00:00 0 
66f00000-66fe9000 rw-p 00000000 00:00 0 
66fe9000-67000000 ---p 00000000 00:00 0 
67073000-6717d000 r-xp 00000000 08:07 3146803    /lib/i386-linux-gnu/libglib-2.0.so.0.4002.0
6717d000-6717e000 r--p 00109000 08:07 3146803    /lib/i386-linux-gnu/libglib-2.0.so.0.4002.0
6717e000-6717f000 rw-p 0010a000 08:07 3146803    /lib/i386-linux-gnu/libglib-2.0.so.0.4002.0
6717f000-672fc000 r-xp 00000000 08:07 3413824    /usr/lib/i386-linux-gnu/libgio-2.0.so.0.4002.0
672fc000-672fe000 r--p 0017d000 08:07 3413824    /usr/lib/i386-linux-gnu/libgio-2.0.so.0.4002.0
672fe000-672ff000 rw-p 0017f000 08:07 3413824    /usr/lib/i386-linux-gnu/libgio-2.0.so.0.4002.0
672ff000-67300000 rw-p 00000000 00:00 0 
67300000-673b7000 rw-p 00000000 00:00 0 
673b7000-67400000 ---p 00000000 00:00 0 
67410000-6744c000 r-xp 00000000 08:07 3146819    /lib/i386-linux-gnu/libpcre.so.3.13.1
6744c000-6744d000 r--p 0003b000 08:07 3146819    /lib/i386-linux-gnu/libpcre.so.3.13.1
6744d000-6744e000 rw-p 0003c000 08:07 3146819    /lib/i386-linux-gnu/libpcre.so.3.13.1
6744e000-67461000 r-xp 00000000 08:07 3145833    /lib/i386-linux-gnu/libresolv-2.19.so
67461000-67462000 ---p 00013000 08:07 3145833    /lib/i386-linux-gnu/libresolv-2.19.so
67462000-67463000 r--p 00013000 08:07 3145833    /lib/i386-linux-gnu/libresolv-2.19.so
67463000-67464000 rw-p 00014000 08:07 3145833    /lib/i386-linux-gnu/libresolv-2.19.so
67464000-67466000 rw-p 00000000 00:00 0 
67466000-67486000 r-xp 00000000 08:07 3145758    /lib/i386-linux-gnu/libselinux.so.1
67486000-67487000 r--p 0001f000 08:07 3145758    /lib/i386-linux-gnu/libselinux.so.1
67487000-67488000 rw-p 00020000 08:07 3145758    /lib/i386-linux-gnu/libselinux.so.1
67488000-67489000 rw-p 00000000 00:00 0 
67489000-674d9000 r-xp 00000000 08:07 3413822    /usr/lib/i386-linux-gnu/libgobject-2.0.so.0.4002.0
674d9000-674da000 r--p 0004f000 08:07 3413822    /usr/lib/i386-linux-gnu/libgobject-2.0.so.0.4002.0
674da000-674db000 rw-p 00050000 08:07 3413822    /usr/lib/i386-linux-gnu/libgobject-2.0.so.0.4002.0
674db000-674dc000 ---p 00000000 00:00 0 
674dc000-6755c000 rw-p 00000000 00:00 0          [stack:6316]
6755c000-6755f000 ---p 00000000 00:00 0 
6755f000-675ad000 rw-p 00000000 00:00 0          [stack:6311]
675ad000-675b0000 ---p 00000000 00:00 0 
675b0000-6762e000 rw-p 00000000 00:00 0          [stack:6305]
6762e000-67631000 ---p 00000000 00:00 0 
67631000-676af000 rw-p 00000000 00:00 0          [stack:6301]
676af000-676b2000 ---p 00000000 00:00 0 
676b2000-67700000 rw-p 00000000 00:00 0          [stack:6297]
67700000-67900000 r--p 00000000 08:07 3414116    /usr/lib/locale/locale-archive
67900000-67a00000 rw-p 00000000 00:00 0 
67a00000-67a21000 rw-p 00000000 00:00 0 
67a21000-67b00000 ---p 00000000 00:00 0 
67b00000-67bff000 rw-p 00000000 00:00 0 
67bff000-67c00000 ---p 00000000 00:00 0 
67c0c000-67c4e000 r--p 00858000 08:07 3414116    /usr/lib/locale/locale-archive
67c4e000-67c4f000 ---p 00000000 00:00 0 
67c4f000-67ccf000 rw-p 00000000 00:00 0          [stack:6285]
67ccf000-67e80000 r--s 01d27000 08:07 3286246    /usr/lib/jvm/java-7-openjdk-i386/jre/lib/rt.jar
67e80000-6a700000 rw-p 00000000 00:00 0 
6a700000-6a7ef000 rw-p 00000000 00:00 0 
6a7ef000-6a800000 ---p 00000000 00:00 0 
6a80a000-6a80f000 r-xp 00000000 08:07 3410976    /usr/lib/i386-linux-gnu/libffi.so.6.0.1
6a80f000-6a810000 r--p 00005000 08:07 3410976    /usr/lib/i386-linux-gnu/libffi.so.6.0.1
6a810000-6a811000 rw-p 00006000 08:07 3410976    /usr/lib/i386-linux-gnu/libffi.so.6.0.1
6a811000-6a814000 r-xp 00000000 08:07 3413825    /usr/lib/i386-linux-gnu/libgmodule-2.0.so.0.4002.0
6a814000-6a815000 r--p 00002000 08:07 3413825    /usr/lib/i386-linux-gnu/libgmodule-2.0.so.0.4002.0
6a815000-6a816000 rw-p 00003000 08:07 3413825    /usr/lib/i386-linux-gnu/libgmodule-2.0.so.0.4002.0
6a82e000-6a831000 ---p 00000000 00:00 0 
6a831000-6a87f000 rw-p 00000000 00:00 0          [stack:6294]
6a87f000-6a880000 ---p 00000000 00:00 0 
6a880000-6a900000 rw-p 00000000 00:00 0          [stack:6278]
6a900000-6a921000 rw-p 00000000 00:00 0 
6a921000-6aa00000 ---p 00000000 00:00 0 
6aa02000-6aa19000 r-xp 00000000 08:07 3286229    /usr/lib/jvm/java-7-openjdk-i386/jre/lib/i386/libnet.so
6aa19000-6aa1a000 r--p 00017000 08:07 3286229    /usr/lib/jvm/java-7-openjdk-i386/jre/lib/i386/libnet.so
6aa1a000-6aa1b000 rw-p 00018000 08:07 3286229    /usr/lib/jvm/java-7-openjdk-i386/jre/lib/i386/libnet.so
6aa1b000-6aa2c000 r-xp 00000000 08:07 3286203    /usr/lib/jvm/java-7-openjdk-i386/jre/lib/i386/libnio.so
6aa2c000-6aa2d000 r--p 00010000 08:07 3286203    /usr/lib/jvm/java-7-openjdk-i386/jre/lib/i386/libnio.so
6aa2d000-6aa2e000 rw-p 00011000 08:07 3286203    /usr/lib/jvm/java-7-openjdk-i386/jre/lib/i386/libnio.so
6aa2e000-6aa31000 ---p 00000000 00:00 0 
6aa31000-6aa7f000 rw-p 00000000 00:00 0          [stack:6291]
6aa7f000-6aa80000 ---p 00000000 00:00 0 
6aa80000-6ab00000 rw-p 00000000 00:00 0          [stack:6276]
6ab00000-6ab21000 rw-p 00000000 00:00 0 
6ab21000-6ac00000 ---p 00000000 00:00 0 
6ac04000-6ac15000 r--s 000b9000 08:07 1323359    /home/imran/AndroidStudioProjects/MaterialDesign/app/build/intermediates/exploded-aar/com.android.support/support-v4/22.0.0/jars/classes.jar
6ac15000-6ac24000 r--s 000dd000 08:07 1182132    /home/imran/Android/Sdk/build-tools/21.1.2/lib/dx.jar
6ac24000-6ac7f000 rw-p 00000000 00:00 0 
6ac7f000-6ac80000 ---p 00000000 00:00 0 
6ac80000-6ad00000 rw-p 00000000 00:00 0          [stack:6274]
6ad00000-6ad21000 rw-p 00000000 00:00 0 
6ad21000-6ae00000 ---p 00000000 00:00 0 
6ae04000-6ae68000 rw-p 00000000 00:00 0 
6ae68000-6ae69000 ---p 00000000 00:00 0 
6ae69000-6aef1000 rw-p 00000000 00:00 0          [stack:6271]
6aef1000-6af29000 rw-p 00000000 00:00 0 
6af29000-6af3e000 rw-p 00000000 00:00 0 
6af3e000-6b07f000 rw-p 00000000 00:00 0 
6b07f000-6b087000 rw-p 00000000 00:00 0 
6b087000-6b0bf000 rw-p 00000000 00:00 0 
6b0bf000-6b0d4000 rw-p 00000000 00:00 0 
6b0d4000-6b214000 rw-p 00000000 00:00 0 
6b214000-6b21f000 rw-p 00000000 00:00 0 
6b21f000-6b2bf000 rw-p 00000000 00:00 0 
6b2bf000-6c2c0000 rw-p 00000000 00:00 0 
6c2c0000-732c0000 rw-p 00000000 00:00 0 
732c0000-75b00000 rw-p 00000000 00:00 0 
75b00000-9dd40000 rw-p 00000000 00:00 0 
9dd40000-9f180000 rw-p 00000000 00:00 0 
a00c0000-b32c0000 rw-p 00000000 00:00 0 
b32c4000-b32c6000 r--s 00012000 08:07 3286259    /usr/lib/jvm/java-7-openjdk-i386/jre/lib/ext/zipfs.jar
b32c6000-b32c9000 r--s 0000f000 08:07 3286254    /usr/lib/jvm/java-7-openjdk-i386/jre/lib/ext/icedtea-sound.jar
b32c9000-b32cd000 r--s 00034000 08:07 3286257    /usr/lib/jvm/java-7-openjdk-i386/jre/lib/ext/sunjce_provider.jar
b32cd000-b32d6000 rw-p 00000000 00:00 0 
b32d6000-b338d000 rw-p 00000000 00:00 0 
b338d000-b35cd000 rwxp 00000000 00:00 0 
b35cd000-b638d000 rw-p 00000000 00:00 0 
b638d000-b6398000 r-xp 00000000 08:07 3146755    /lib/i386-linux-gnu/libnss_files-2.19.so
b6398000-b6399000 r--p 0000a000 08:07 3146755    /lib/i386-linux-gnu/libnss_files-2.19.so
b6399000-b639a000 rw-p 0000b000 08:07 3146755    /lib/i386-linux-gnu/libnss_files-2.19.so
b639a000-b63a4000 r-xp 00000000 08:07 3145821    /lib/i386-linux-gnu/libnss_nis-2.19.so
b63a4000-b63a5000 r--p 00009000 08:07 3145821    /lib/i386-linux-gnu/libnss_nis-2.19.so
b63a5000-b63a6000 rw-p 0000a000 08:07 3145821    /lib/i386-linux-gnu/libnss_nis-2.19.so
b63a6000-b63bb000 r-xp 00000000 08:07 3145822    /lib/i386-linux-gnu/libnsl-2.19.so
b63bb000-b63bc000 r--p 00015000 08:07 3145822    /lib/i386-linux-gnu/libnsl-2.19.so
b63bc000-b63bd000 rw-p 00016000 08:07 3145822    /lib/i386-linux-gnu/libnsl-2.19.so
b63bd000-b63bf000 rw-p 00000000 00:00 0 
b63c0000-b63c2000 r--s 00006000 08:07 3804587    /usr/share/java/java-atk-wrapper.jar
b63c2000-b63c5000 r--s 00086000 08:07 3286256    /usr/lib/jvm/java-7-openjdk-i386/jre/lib/ext/localedata.jar
b63c5000-b63cd000 r-xp 00000000 08:07 3286204    /usr/lib/jvm/java-7-openjdk-i386/jre/lib/i386/libzip.so
b63cd000-b63ce000 r--p 00007000 08:07 3286204    /usr/lib/jvm/java-7-openjdk-i386/jre/lib/i386/libzip.so
b63ce000-b63cf000 rw-p 00008000 08:07 3286204    /usr/lib/jvm/java-7-openjdk-i386/jre/lib/i386/libzip.so
b63cf000-b63d7000 rw-s 00000000 08:07 3547223    /tmp/hsperfdata_imran/6245
b63d7000-b63fe000 r-xp 00000000 08:07 3286199    /usr/lib/jvm/java-7-openjdk-i386/jre/lib/i386/libjava.so
b63fe000-b63ff000 r--p 00026000 08:07 3286199    /usr/lib/jvm/java-7-openjdk-i386/jre/lib/i386/libjava.so
b63ff000-b6400000 rw-p 00027000 08:07 3286199    /usr/lib/jvm/java-7-openjdk-i386/jre/lib/i386/libjava.so
b6400000-b6500000 rw-p 00000000 00:00 0 
b6500000-b6507000 r-xp 00000000 08:07 3145827    /lib/i386-linux-gnu/libnss_compat-2.19.so
b6507000-b6508000 r--p 00006000 08:07 3145827    /lib/i386-linux-gnu/libnss_compat-2.19.so
b6508000-b6509000 rw-p 00007000 08:07 3145827    /lib/i386-linux-gnu/libnss_compat-2.19.so
b6509000-b6510000 r-xp 00000000 08:07 3149999    /lib/i386-linux-gnu/librt-2.19.so
b6510000-b6511000 r--p 00006000 08:07 3149999    /lib/i386-linux-gnu/librt-2.19.so
b6511000-b6512000 rw-p 00007000 08:07 3149999    /lib/i386-linux-gnu/librt-2.19.so
b6512000-b6515000 ---p 00000000 00:00 0 
b6515000-b6563000 rw-p 00000000 00:00 0          [stack:6267]
b6563000-b657f000 r-xp 00000000 08:07 3145757    /lib/i386-linux-gnu/libgcc_s.so.1
b657f000-b6580000 rw-p 0001b000 08:07 3145757    /lib/i386-linux-gnu/libgcc_s.so.1
b6580000-b65c4000 r-xp 00000000 08:07 3145826    /lib/i386-linux-gnu/libm-2.19.so
b65c4000-b65c5000 r--p 00043000 08:07 3145826    /lib/i386-linux-gnu/libm-2.19.so
b65c5000-b65c6000 rw-p 00044000 08:07 3145826    /lib/i386-linux-gnu/libm-2.19.so
b65c6000-b66a2000 r-xp 00000000 08:07 3411602    /usr/lib/i386-linux-gnu/libstdc++.so.6.0.19
b66a2000-b66a3000 ---p 000dc000 08:07 3411602    /usr/lib/i386-linux-gnu/libstdc++.so.6.0.19
b66a3000-b66a7000 r--p 000dc000 08:07 3411602    /usr/lib/i386-linux-gnu/libstdc++.so.6.0.19
b66a7000-b66a8000 rw-p 000e0000 08:07 3411602    /usr/lib/i386-linux-gnu/libstdc++.so.6.0.19
b66a8000-b66af000 rw-p 00000000 00:00 0 
b66af000-b709d000 r-xp 00000000 08:07 3286214    /usr/lib/jvm/java-7-openjdk-i386/jre/lib/i386/server/libjvm.so
b709d000-b709e000 ---p 009ee000 08:07 3286214    /usr/lib/jvm/java-7-openjdk-i386/jre/lib/i386/server/libjvm.so
b709e000-b70f0000 r--p 009ee000 08:07 3286214    /usr/lib/jvm/java-7-openjdk-i386/jre/lib/i386/server/libjvm.so
b70f0000-b7104000 rw-p 00a40000 08:07 3286214    /usr/lib/jvm/java-7-openjdk-i386/jre/lib/i386/server/libjvm.so
b7104000-b7522000 rw-p 00000000 00:00 0 
b7522000-b753a000 r-xp 00000000 08:07 3146879    /lib/i386-linux-gnu/libz.so.1.2.8
b753a000-b753b000 r--p 00017000 08:07 3146879    /lib/i386-linux-gnu/libz.so.1.2.8
b753b000-b753c000 rw-p 00018000 08:07 3146879    /lib/i386-linux-gnu/libz.so.1.2.8
b753c000-b7554000 r-xp 00000000 08:07 3145831    /lib/i386-linux-gnu/libpthread-2.19.so
b7554000-b7555000 r--p 00018000 08:07 3145831    /lib/i386-linux-gnu/libpthread-2.19.so
b7555000-b7556000 rw-p 00019000 08:07 3145831    /lib/i386-linux-gnu/libpthread-2.19.so
b7556000-b7558000 rw-p 00000000 00:00 0 
b7558000-b755b000 r-xp 00000000 08:07 3145819    /lib/i386-linux-gnu/libdl-2.19.so
b755b000-b755c000 r--p 00002000 08:07 3145819    /lib/i386-linux-gnu/libdl-2.19.so
b755c000-b755d000 rw-p 00003000 08:07 3145819    /lib/i386-linux-gnu/libdl-2.19.so
b755d000-b7705000 r-xp 00000000 08:07 3145818    /lib/i386-linux-gnu/libc-2.19.so
b7705000-b7707000 r--p 001a8000 08:07 3145818    /lib/i386-linux-gnu/libc-2.19.so
b7707000-b7708000 rw-p 001aa000 08:07 3145818    /lib/i386-linux-gnu/libc-2.19.so
b7708000-b770b000 rw-p 00000000 00:00 0 
b770b000-b770f000 r--s 0003c000 08:07 3286255    /usr/lib/jvm/java-7-openjdk-i386/jre/lib/ext/sunpkcs11.jar
b770f000-b7710000 r--s 00002000 08:07 3286258    /usr/lib/jvm/java-7-openjdk-i386/jre/lib/ext/dnsns.jar
b7710000-b7711000 r--p 00855000 08:07 3414116    /usr/lib/locale/locale-archive
b7711000-b7712000 rw-p 00000000 00:00 0 
b7712000-b7713000 ---p 00000000 00:00 0 
b7713000-b7721000 r-xp 00000000 08:07 3286221    /usr/lib/jvm/java-7-openjdk-i386/jre/lib/i386/libverify.so
b7721000-b7722000 r--p 0000d000 08:07 3286221    /usr/lib/jvm/java-7-openjdk-i386/jre/lib/i386/libverify.so
b7722000-b7723000 rw-p 0000e000 08:07 3286221    /usr/lib/jvm/java-7-openjdk-i386/jre/lib/i386/libverify.so
b7723000-b772f000 r-xp 00000000 08:07 3286207    /usr/lib/jvm/java-7-openjdk-i386/jre/lib/i386/jli/libjli.so
b772f000-b7730000 r--p 0000c000 08:07 3286207    /usr/lib/jvm/java-7-openjdk-i386/jre/lib/i386/jli/libjli.so
b7730000-b7731000 rw-p 0000d000 08:07 3286207    /usr/lib/jvm/java-7-openjdk-i386/jre/lib/i386/jli/libjli.so
b7731000-b7734000 rw-p 00000000 00:00 0 
b7734000-b7735000 r-xp 00000000 00:00 0          [vdso]
b7735000-b7755000 r-xp 00000000 08:07 3145820    /lib/i386-linux-gnu/ld-2.19.so
b7755000-b7756000 r--p 0001f000 08:07 3145820    /lib/i386-linux-gnu/ld-2.19.so
b7756000-b7757000 rw-p 00020000 08:07 3145820    /lib/i386-linux-gnu/ld-2.19.so
bfabc000-bfabd000 rwxp 00000000 00:00 0 
bfaee000-bfb10000 rw-p 00000000 00:00 0          [stack]

VM Arguments:
jvm_args: -Xmx1024M -Dfile.encoding=UTF-8 -Duser.country=US -Duser.language=en -Duser.variant 
java_command: com.android.dx.command.Main --dex --output /home/imran/AndroidStudioProjects/MaterialDesign/app/build/intermediates/pre-dexed/debug/classes-cd3e59c1c2f838b11a84944fd2e522682dae14e2.jar /home/imran/AndroidStudioProjects/MaterialDesign/app/build/intermediates/exploded-aar/com.android.support/support-v4/22.0.0/jars/classes.jar
Launcher Type: SUN_STANDARD

Environment Variables:
JAVA_HOME=/usr/lib/jvm/java-7-oracle
CLASSPATH=./../lib/bootstrap.jar:./../lib/extensions.jar:./../lib/util.jar:./../lib/jdom.jar:./../lib/log4j.jar:./../lib/trove4j.jar:./../lib/jna.jar:/usr/lib/jvm/java-7-oracle/lib/tools.jar
PATH=/home//.genymotion:/home//.genymotion:/usr/local/sbin:/usr/local/bin:/usr/sbin:/usr/bin:/sbin:/bin:/usr/games:/usr/local/games:/usr/lib/jvm/java-7-oracle/bin:/usr/lib/jvm/java-7-oracle/db/bin:/usr/lib/jvm/java-7-oracle/jre/bin
LD_LIBRARY_PATH=.:
SHELL=/bin/bash
DISPLAY=:0

Signal Handlers:
SIGSEGV: [libjvm.so+0x80cd90], sa_mask[0]=0x7ffbfeff, sa_flags=0x10000004
SIGBUS: [libjvm.so+0x80cd90], sa_mask[0]=0x7ffbfeff, sa_flags=0x10000004
SIGFPE: [libjvm.so+0x684dd0], sa_mask[0]=0x7ffbfeff, sa_flags=0x10000004
SIGPIPE: [libjvm.so+0x684dd0], sa_mask[0]=0x7ffbfeff, sa_flags=0x10000004
SIGXFSZ: [libjvm.so+0x684dd0], sa_mask[0]=0x7ffbfeff, sa_flags=0x10000004
SIGILL: [libjvm.so+0x684dd0], sa_mask[0]=0x7ffbfeff, sa_flags=0x10000004
SIGUSR1: SIG_DFL, sa_mask[0]=0x00000000, sa_flags=0x00000000
SIGUSR2: [libjvm.so+0x684c60], sa_mask[0]=0x00000004, sa_flags=0x10000004
SIGHUP: [libjvm.so+0x684e90], sa_mask[0]=0x7ffbfeff, sa_flags=0x10000004
SIGINT: [libjvm.so+0x684e90], sa_mask[0]=0x7ffbfeff, sa_flags=0x10000004
SIGTERM: [libjvm.so+0x684e90], sa_mask[0]=0x7ffbfeff, sa_flags=0x10000004
SIGQUIT: [libjvm.so+0x684e90], sa_mask[0]=0x7ffbfeff, sa_flags=0x10000004
SIGTRAP: SIG_DFL, sa_mask[0]=0x00000000, sa_flags=0x00000000


---------------  S Y S T E M  ---------------

OS:Ubuntu 14.04 (trusty)
uname:Linux 3.13.0-52-generic #86-Ubuntu SMP Mon May 4 04:32:15 UTC 2015 i686
libc:glibc 2.19 NPTL 2.19 
rlimit: STACK 8192k, CORE 0k, NPROC 30800, NOFILE 4096, AS infinity
load average:26.76 8.71 3.67

/proc/meminfo:
MemTotal:        3961720 kB
MemFree:          209508 kB
Buffers:             452 kB
Cached:           453312 kB
SwapCached:            0 kB
Active:          2626468 kB
Inactive:         448960 kB
Active(anon):    2624472 kB
Inactive(anon):   411180 kB
Active(file):       1996 kB
Inactive(file):    37780 kB
Unevictable:         104 kB
Mlocked:             104 kB
HighTotal:       3106860 kB
HighFree:          46728 kB
LowTotal:         854860 kB
LowFree:          162780 kB
SwapTotal:             0 kB
SwapFree:              0 kB
Dirty:               132 kB
Writeback:             0 kB
AnonPages:       2622004 kB
Mapped:           771416 kB
Shmem:            413752 kB
Slab:              47500 kB
SReclaimable:      20516 kB
SUnreclaim:        26984 kB
KernelStack:        5664 kB
PageTables:        21176 kB
NFS_Unstable:          0 kB
Bounce:               76 kB
WritebackTmp:          0 kB
CommitLimit:     1980860 kB
Committed_AS:    8339992 kB
VmallocTotal:     122880 kB
VmallocUsed:       19256 kB
VmallocChunk:      99364 kB
HardwareCorrupted:     0 kB
AnonHugePages:   1290240 kB
HugePages_Total:       0
HugePages_Free:        0
HugePages_Rsvd:        0
HugePages_Surp:        0
Hugepagesize:       2048 kB
DirectMap4k:       43000 kB
DirectMap2M:      870400 kB


CPU:total 4 (2 cores per cpu, 2 threads per core) family 6 model 60 stepping 3, cmov, cx8, fxsr, mmx, sse, sse2, sse3, ssse3, sse4.1, sse4.2, popcnt, avx, avx2, aes, erms, ht, tsc, tscinvbit

/proc/cpuinfo:
processor	: 0
vendor_id	: GenuineIntel
cpu family	: 6
model		: 60
model name	: Intel(R) Core(TM) i3-4150 CPU @ 3.50GHz
stepping	: 3
microcode	: 0x12
cpu MHz		: 3500.000
cache size	: 3072 KB
physical id	: 0
siblings	: 4
core id		: 0
cpu cores	: 2
apicid		: 0
initial apicid	: 0
fdiv_bug	: no
f00f_bug	: no
coma_bug	: no
fpu		: yes
fpu_exception	: yes
cpuid level	: 13
wp		: yes
flags		: fpu vme de pse tsc msr pae mce cx8 apic sep mtrr pge mca cmov pat pse36 clflush dts acpi mmx fxsr sse sse2 ss ht tm pbe nx pdpe1gb rdtscp lm constant_tsc arch_perfmon pebs bts xtopology nonstop_tsc aperfmperf eagerfpu pni pclmulqdq dtes64 monitor ds_cpl vmx est tm2 ssse3 fma cx16 xtpr pdcm pcid sse4_1 sse4_2 movbe popcnt tsc_deadline_timer aes xsave avx f16c rdrand lahf_lm abm arat xsaveopt pln pts dtherm tpr_shadow vnmi flexpriority ept vpid fsgsbase tsc_adjust bmi1 avx2 smep bmi2 erms invpcid
bogomips	: 6984.28
clflush size	: 64
cache_alignment	: 64
address sizes	: 39 bits physical, 48 bits virtual
power management:

processor	: 1
vendor_id	: GenuineIntel
cpu family	: 6
model		: 60
model name	: Intel(R) Core(TM) i3-4150 CPU @ 3.50GHz
stepping	: 3
microcode	: 0x12
cpu MHz		: 3500.000
cache size	: 3072 KB
physical id	: 0
siblings	: 4
core id		: 1
cpu cores	: 2
apicid		: 2
initial apicid	: 2
fdiv_bug	: no
f00f_bug	: no
coma_bug	: no
fpu		: yes
fpu_exception	: yes
cpuid level	: 13
wp		: yes
flags		: fpu vme de pse tsc msr pae mce cx8 apic sep mtrr pge mca cmov pat pse36 clflush dts acpi mmx fxsr sse sse2 ss ht tm pbe nx pdpe1gb rdtscp lm constant_tsc arch_perfmon pebs bts xtopology nonstop_tsc aperfmperf eagerfpu pni pclmulqdq dtes64 monitor ds_cpl vmx est tm2 ssse3 fma cx16 xtpr pdcm pcid sse4_1 sse4_2 movbe popcnt tsc_deadline_timer aes xsave avx f16c rdrand lahf_lm abm arat xsaveopt pln pts dtherm tpr_shadow vnmi flexpriority ept vpid fsgsbase tsc_adjust bmi1 avx2 smep bmi2 erms invpcid
bogomips	: 6984.28
clflush size	: 64
cache_alignment	: 64
address sizes	: 39 bits physical, 48 bits virtual
power management:

processor	: 2
vendor_id	: GenuineIntel
cpu family	: 6
model		: 60
model name	: Intel(R) Core(TM) i3-4150 CPU @ 3.50GHz
stepping	: 3
microcode	: 0x12
cpu MHz		: 3500.000
cache size	: 3072 KB
physical id	: 0
siblings	: 4
core id		: 0
cpu cores	: 2
apicid		: 1
initial apicid	: 1
fdiv_bug	: no
f00f_bug	: no
coma_bug	: no
fpu		: yes
fpu_exception	: yes
cpuid level	: 13
wp		: yes
flags		: fpu vme de pse tsc msr pae mce cx8 apic sep mtrr pge mca cmov pat pse36 clflush dts acpi mmx fxsr sse sse2 ss ht tm pbe nx pdpe1gb rdtscp lm constant_tsc arch_perfmon pebs bts xtopology nonstop_tsc aperfmperf eagerfpu pni pclmulqdq dtes64 monitor ds_cpl vmx est tm2 ssse3 fma cx16 xtpr pdcm pcid sse4_1 sse4_2 movbe popcnt tsc_deadline_timer aes xsave avx f16c rdrand lahf_lm abm arat xsaveopt pln pts dtherm tpr_shadow vnmi flexpriority ept vpid fsgsbase tsc_adjust bmi1 avx2 smep bmi2 erms invpcid
bogomips	: 6984.28
clflush size	: 64
cache_alignment	: 64
address sizes	: 39 bits physical, 48 bits virtual
power management:

processor	: 3
vendor_id	: GenuineIntel
cpu family	: 6
model		: 60
model name	: Intel(R) Core(TM) i3-4150 CPU @ 3.50GHz
stepping	: 3
microcode	: 0x12
cpu MHz		: 1000.000
cache size	: 3072 KB
physical id	: 0
siblings	: 4
core id		: 1
cpu cores	: 2
apicid		: 3
initial apicid	: 3
fdiv_bug	: no
f00f_bug	: no
coma_bug	: no
fpu		: yes
fpu_exception	: yes
cpuid level	: 13
wp		: yes
flags		: fpu vme de pse tsc msr pae mce cx8 apic sep mtrr pge mca cmov pat pse36 clflush dts acpi mmx fxsr sse sse2 ss ht tm pbe nx pdpe1gb rdtscp lm constant_tsc arch_perfmon pebs bts xtopology nonstop_tsc aperfmperf eagerfpu pni pclmulqdq dtes64 monitor ds_cpl vmx est tm2 ssse3 fma cx16 xtpr pdcm pcid sse4_1 sse4_2 movbe popcnt tsc_deadline_timer aes xsave avx f16c rdrand lahf_lm abm arat xsaveopt pln pts dtherm tpr_shadow vnmi flexpriority ept vpid fsgsbase tsc_adjust bmi1 avx2 smep bmi2 erms invpcid
bogomips	: 6984.28
clflush size	: 64
cache_alignment	: 64
address sizes	: 39 bits physical, 48 bits virtual
power management:



Memory: 4k page, physical 3961720k(209508k free), swap 0k(0k free)

vm_info: OpenJDK Server VM (24.79-b02) for linux-x86 JRE (1.7.0_79-b14), built on Apr 16 2015 08:24:42 by "buildd" with gcc 4.8.2

time: Sat May  9 22:31:33 2015
elapsed time: 64 seconds

