#
# There is insufficient memory for the Java Runtime Environment to continue.
# Native memory allocation (malloc) failed to allocate 15990784 bytes for committing reserved memory.
# Possible reasons:
#   The system is out of physical RAM or swap space
#   In 32 bit mode, the process size limit was hit
# Possible solutions:
#   Reduce memory load on the system
#   Increase physical memory or swap space
#   Check if swap backing store is full
#   Use 64 bit Java on a 64 bit OS
#   Decrease Java heap size (-Xmx/-Xms)
#   Decrease number of Java threads
#   Decrease Java thread stack sizes (-Xss)
#   Set larger code cache with -XX:ReservedCodeCacheSize=
# This output file may be truncated or incomplete.
#
#  Out of Memory Error (os_linux.cpp:2809), pid=6247, tid=1741482816
#
# JRE version: OpenJDK Runtime Environment (7.0_79-b14) (build 1.7.0_79-b14)
# Java VM: OpenJDK Server VM (24.79-b02 mixed mode linux-x86 )
# Derivative: IcedTea 2.5.5
# Distribution: Ubuntu 14.04 LTS, package 7u79-2.5.5-0ubuntu0.14.04.2
# Failed to write core dump. Core dumps have been disabled. To enable core dumping, try "ulimit -c unlimited" before starting Java again
#

---------------  T H R E A D  ---------------

Current thread (0x67b80400):  VMThread [stack: 0x67c4e000,0x67ccf000] [id=6286]

Stack: [0x67c4e000,0x67ccf000]
VM_Operation (0xb653d978): ParallelGCFailedAllocation, mode: safepoint, requested by thread 0xb6307c00


---------------  P R O C E S S  ---------------

Java Threads: ( => current thread )
  0x67b9c000 JavaThread "Service Thread" daemon [_thread_blocked, id=6310, stack(0x6750b000,0x6755c000)]
  0x67b9a400 JavaThread "C2 CompilerThread1" daemon [_thread_blocked, id=6307, stack(0x6755c000,0x675dd000)]
  0x67b98400 JavaThread "C2 CompilerThread0" daemon [_thread_blocked, id=6303, stack(0x675dd000,0x6765e000)]
  0x67b96800 JavaThread "Signal Dispatcher" daemon [_thread_blocked, id=6298, stack(0x6765e000,0x676af000)]
  0x67b84800 JavaThread "Finalizer" daemon [_thread_blocked, id=6296, stack(0x678af000,0x67900000)]
  0x67b83000 JavaThread "Reference Handler" daemon [_thread_blocked, id=6290, stack(0x6a82e000,0x6a87f000)]
  0xb6307c00 JavaThread "main" [_thread_blocked, id=6266, stack(0xb64ee000,0xb653f000)]

Other Threads:
=>0x67b80400 VMThread [stack: 0x67c4e000,0x67ccf000] [id=6286]
  0x67b9dc00 WatcherThread [stack: 0x6748a000,0x6750b000] [id=6313]

VM state:at safepoint (normal execution)

VM Mutex/Monitor currently owned by a thread:  ([mutex/lock_event])
[0xb63052b8] Threads_lock - owner thread: 0x67b80400
[0xb63056c8] Heap_lock - owner thread: 0xb6307c00

Heap
 PSYoungGen      total 18176K, used 2554K [0x9dcc0000, 0x9f100000, 0xb3240000)
  eden space 15616K, 0% used [0x9dcc0000,0x9dcc0000,0x9ec00000)
  from space 2560K, 99% used [0x9ec00000,0x9ee7e828,0x9ee80000)
  to   space 2560K, 0% used [0x9ee80000,0x9ee80000,0x9f100000)
 ParOldGen       total 41216K, used 1359K [0x73240000, 0x75a80000, 0x9dcc0000)
  object space 41216K, 3% used [0x73240000,0x73393da0,0x75a80000)
 PSPermGen       total 16384K, used 3822K [0x6b240000, 0x6c240000, 0x73240000)
  object space 16384K, 23% used [0x6b240000,0x6b5fbbb8,0x6c240000)

Card table byte_map: [0x6afff000,0x6b240000] byte_map_base: 0x6aca5e00

Polling page: 0xb76ee000

Code Cache  [0xb3300000, 0xb3540000, 0xb6300000)
 total_blobs=228 nmethods=108 adapters=73 free_code_cache=48717Kb largest_free_block=49868032

Compilation events (10 events):
Event: 2.959 Thread 0x67b9a400  104             com.android.dx.rop.code.RegisterSpec::hashCodeOf (30 bytes)
Event: 2.961 Thread 0x67b9a400 nmethod 104 0xb3363dc8 code [0xb3363ee0, 0xb3364004]
Event: 2.965 Thread 0x67b9a400  105             com.android.dx.rop.code.RegisterSpec::equals (51 bytes)
Event: 2.967 Thread 0x67b98400  106             com.android.dx.ssa.RegisterMapper::map (63 bytes)
Event: 2.975 Thread 0x67b98400 nmethod 106 0xb336e808 code [0xb336e980, 0xb336eee4]
Event: 2.980 Thread 0x67b98400  107             java.util.BitSet::recalculateWordsInUse (39 bytes)
Event: 2.981 Thread 0x67b98400 nmethod 107 0xb336e608 code [0xb336e700, 0xb336e790]
Event: 2.981 Thread 0x67b98400  108             com.android.dx.rop.code.Insn::getResult (5 bytes)
Event: 2.982 Thread 0x67b98400 nmethod 108 0xb336e488 code [0xb336e560, 0xb336e5b0]
Event: 3.024 Thread 0x67b9a400 nmethod 105 0xb3367308 code [0xb3367420, 0xb33678d0]

GC Heap History (1 events):
Event: 3.042 GC heap before
{Heap before GC invocations=1 (full 0):
 PSYoungGen      total 18176K, used 15616K [0x9dcc0000, 0x9f100000, 0xb3240000)
  eden space 15616K, 100% used [0x9dcc0000,0x9ec00000,0x9ec00000)
  from space 2560K, 0% used [0x9ee80000,0x9ee80000,0x9f100000)
  to   space 2560K, 0% used [0x9ec00000,0x9ec00000,0x9ee80000)
 ParOldGen       total 41216K, used 0K [0x73240000, 0x75a80000, 0x9dcc0000)
  object space 41216K, 0% used [0x73240000,0x73240000,0x75a80000)
 PSPermGen       total 16384K, used 3822K [0x6b240000, 0x6c240000, 0x73240000)
  object space 16384K, 23% used [0x6b240000,0x6b5fbbb8,0x6c240000)

Deoptimization events (1 events):
Event: 2.888 Thread 0xb6307c00 Uncommon trap: reason=class_check action=maybe_recompile pc=0xb336a9ec method=com.android.dx.ssa.NormalSsaInsn.accept(Lcom/android/dx/ssa/SsaInsn$Visitor;)V @ 9

Internal exceptions (10 events):
Event: 2.515 Thread 0xb6307c00 Threw 0x9e4cac98 at /build/buildd/openjdk-7-7u79-2.5.5/build/openjdk/hotspot/src/share/vm/prims/jvm.cpp:1284
Event: 2.529 Thread 0xb6307c00 Threw 0x9e5330e0 at /build/buildd/openjdk-7-7u79-2.5.5/build/openjdk/hotspot/src/share/vm/prims/jvm.cpp:1284
Event: 2.531 Thread 0xb6307c00 Threw 0x9e53dff0 at /build/buildd/openjdk-7-7u79-2.5.5/build/openjdk/hotspot/src/share/vm/prims/jvm.cpp:1284
Event: 2.562 Thread 0xb6307c00 Threw 0x9e632e50 at /build/buildd/openjdk-7-7u79-2.5.5/build/openjdk/hotspot/src/share/vm/prims/jvm.cpp:1284
Event: 2.573 Thread 0xb6307c00 Threw 0x9e670b68 at /build/buildd/openjdk-7-7u79-2.5.5/build/openjdk/hotspot/src/share/vm/prims/jvm.cpp:1284
Event: 2.609 Thread 0xb6307c00 Threw 0x9e6c9030 at /build/buildd/openjdk-7-7u79-2.5.5/build/openjdk/hotspot/src/share/vm/prims/jvm.cpp:1284
Event: 2.721 Thread 0xb6307c00 Threw 0x9e7e9650 at /build/buildd/openjdk-7-7u79-2.5.5/build/openjdk/hotspot/src/share/vm/prims/jvm.cpp:1284
Event: 2.773 Thread 0xb6307c00 Threw 0x9e90ea68 at /build/buildd/openjdk-7-7u79-2.5.5/build/openjdk/hotspot/src/share/vm/prims/jvm.cpp:1284
Event: 2.898 Thread 0xb6307c00 Threw 0x9ea90e08 at /build/buildd/openjdk-7-7u79-2.5.5/build/openjdk/hotspot/src/share/vm/prims/jvm.cpp:1284
Event: 2.899 Thread 0xb6307c00 Threw 0x9ea973c8 at /build/buildd/openjdk-7-7u79-2.5.5/build/openjdk/hotspot/src/share/vm/prims/jvm.cpp:1284

Events (10 events):
Event: 2.773 loading class 0x67bf8f50
Event: 2.773 loading class 0x67bf8f50 done
Event: 2.866 Thread 0xb6307c00 Uncommon trap: trap_request=0xffffffde fr.pc=0xb336a9ec
Event: 2.888 Thread 0xb6307c00 DEOPT PACKING pc=0xb336a9ec sp=0xb653d9d0
Event: 2.892 Thread 0xb6307c00 DEOPT UNPACKING pc=0xb332cbc8 sp=0xb653d980 mode 2
Event: 2.898 loading class 0x67bf9048
Event: 2.898 loading class 0x67bf9048 done
Event: 2.899 loading class 0x673789b8
Event: 2.899 loading class 0x673789b8 done
Event: 3.031 Executing VM operation: ParallelGCFailedAllocation


Dynamic libraries:
08048000-08049000 r-xp 00000000 08:07 3285374    /usr/lib/jvm/java-7-openjdk-i386/jre/bin/java
08049000-0804a000 r--p 00000000 08:07 3285374    /usr/lib/jvm/java-7-openjdk-i386/jre/bin/java
0804a000-0804b000 rw-p 00001000 08:07 3285374    /usr/lib/jvm/java-7-openjdk-i386/jre/bin/java
092e5000-09306000 rw-p 00000000 00:00 0          [heap]
66d00000-66d68000 rw-p 00000000 00:00 0 
66d68000-66e00000 ---p 00000000 00:00 0 
66f00000-66fad000 rw-p 00000000 00:00 0 
66fad000-67000000 ---p 00000000 00:00 0 
67035000-67071000 r-xp 00000000 08:07 3146819    /lib/i386-linux-gnu/libpcre.so.3.13.1
67071000-67072000 r--p 0003b000 08:07 3146819    /lib/i386-linux-gnu/libpcre.so.3.13.1
67072000-67073000 rw-p 0003c000 08:07 3146819    /lib/i386-linux-gnu/libpcre.so.3.13.1
67073000-6717d000 r-xp 00000000 08:07 3146803    /lib/i386-linux-gnu/libglib-2.0.so.0.4002.0
6717d000-6717e000 r--p 00109000 08:07 3146803    /lib/i386-linux-gnu/libglib-2.0.so.0.4002.0
6717e000-6717f000 rw-p 0010a000 08:07 3146803    /lib/i386-linux-gnu/libglib-2.0.so.0.4002.0
6717f000-672fc000 r-xp 00000000 08:07 3413824    /usr/lib/i386-linux-gnu/libgio-2.0.so.0.4002.0
672fc000-672fe000 r--p 0017d000 08:07 3413824    /usr/lib/i386-linux-gnu/libgio-2.0.so.0.4002.0
672fe000-672ff000 rw-p 0017f000 08:07 3413824    /usr/lib/i386-linux-gnu/libgio-2.0.so.0.4002.0
672ff000-67300000 rw-p 00000000 00:00 0 
67300000-673d8000 rw-p 00000000 00:00 0 
673d8000-67400000 ---p 00000000 00:00 0 
67420000-67433000 r-xp 00000000 08:07 3145833    /lib/i386-linux-gnu/libresolv-2.19.so
67433000-67434000 ---p 00013000 08:07 3145833    /lib/i386-linux-gnu/libresolv-2.19.so
67434000-67435000 r--p 00013000 08:07 3145833    /lib/i386-linux-gnu/libresolv-2.19.so
67435000-67436000 rw-p 00014000 08:07 3145833    /lib/i386-linux-gnu/libresolv-2.19.so
67436000-67438000 rw-p 00000000 00:00 0 
67438000-67488000 r-xp 00000000 08:07 3413822    /usr/lib/i386-linux-gnu/libgobject-2.0.so.0.4002.0
67488000-67489000 r--p 0004f000 08:07 3413822    /usr/lib/i386-linux-gnu/libgobject-2.0.so.0.4002.0
67489000-6748a000 rw-p 00050000 08:07 3413822    /usr/lib/i386-linux-gnu/libgobject-2.0.so.0.4002.0
6748a000-6748b000 ---p 00000000 00:00 0 
6748b000-6750b000 rw-p 00000000 00:00 0          [stack:6313]
6750b000-6750e000 ---p 00000000 00:00 0 
6750e000-6755c000 rw-p 00000000 00:00 0          [stack:6310]
6755c000-6755f000 ---p 00000000 00:00 0 
6755f000-675dd000 rw-p 00000000 00:00 0          [stack:6307]
675dd000-675e0000 ---p 00000000 00:00 0 
675e0000-6765e000 rw-p 00000000 00:00 0          [stack:6303]
6765e000-67661000 ---p 00000000 00:00 0 
67661000-676af000 rw-p 00000000 00:00 0          [stack:6298]
676af000-678af000 r--p 00000000 08:07 3414116    /usr/lib/locale/locale-archive
678af000-678b2000 ---p 00000000 00:00 0 
678b2000-67900000 rw-p 00000000 00:00 0          [stack:6296]
67900000-679f8000 rw-p 00000000 00:00 0 
679f8000-67a00000 ---p 00000000 00:00 0 
67a00000-67a21000 rw-p 00000000 00:00 0 
67a21000-67b00000 ---p 00000000 00:00 0 
67b00000-67bff000 rw-p 00000000 00:00 0 
67bff000-67c00000 ---p 00000000 00:00 0 
67c0c000-67c4e000 r--p 00858000 08:07 3414116    /usr/lib/locale/locale-archive
67c4e000-67c4f000 ---p 00000000 00:00 0 
67c4f000-67ccf000 rw-p 00000000 00:00 0          [stack:6286]
67ccf000-67e80000 r--s 01d27000 08:07 3286246    /usr/lib/jvm/java-7-openjdk-i386/jre/lib/rt.jar
67e80000-6a700000 rw-p 00000000 00:00 0 
6a700000-6a7e8000 rw-p 00000000 00:00 0 
6a7e8000-6a800000 ---p 00000000 00:00 0 
6a80b000-6a82b000 r-xp 00000000 08:07 3145758    /lib/i386-linux-gnu/libselinux.so.1
6a82b000-6a82c000 r--p 0001f000 08:07 3145758    /lib/i386-linux-gnu/libselinux.so.1
6a82c000-6a82d000 rw-p 00020000 08:07 3145758    /lib/i386-linux-gnu/libselinux.so.1
6a82d000-6a82e000 rw-p 00000000 00:00 0 
6a82e000-6a831000 ---p 00000000 00:00 0 
6a831000-6a87f000 rw-p 00000000 00:00 0          [stack:6290]
6a87f000-6a880000 ---p 00000000 00:00 0 
6a880000-6a900000 rw-p 00000000 00:00 0          [stack:6277]
6a900000-6a921000 rw-p 00000000 00:00 0 
6a921000-6aa00000 ---p 00000000 00:00 0 
6aa1d000-6aa34000 r-xp 00000000 08:07 3286229    /usr/lib/jvm/java-7-openjdk-i386/jre/lib/i386/libnet.so
6aa34000-6aa35000 r--p 00017000 08:07 3286229    /usr/lib/jvm/java-7-openjdk-i386/jre/lib/i386/libnet.so
6aa35000-6aa36000 rw-p 00018000 08:07 3286229    /usr/lib/jvm/java-7-openjdk-i386/jre/lib/i386/libnet.so
6aa36000-6aa7f000 rw-p 00000000 00:00 0 
6aa7f000-6aa80000 ---p 00000000 00:00 0 
6aa80000-6ab00000 rw-p 00000000 00:00 0          [stack:6275]
6ab00000-6ab21000 rw-p 00000000 00:00 0 
6ab21000-6ac00000 ---p 00000000 00:00 0 
6ac11000-6ac22000 r-xp 00000000 08:07 3286203    /usr/lib/jvm/java-7-openjdk-i386/jre/lib/i386/libnio.so
6ac22000-6ac23000 r--p 00010000 08:07 3286203    /usr/lib/jvm/java-7-openjdk-i386/jre/lib/i386/libnio.so
6ac23000-6ac24000 rw-p 00011000 08:07 3286203    /usr/lib/jvm/java-7-openjdk-i386/jre/lib/i386/libnio.so
6ac24000-6ac7f000 rw-p 00000000 00:00 0 
6ac7f000-6ac80000 ---p 00000000 00:00 0 
6ac80000-6ad00000 rw-p 00000000 00:00 0          [stack:6273]
6ad00000-6ad21000 rw-p 00000000 00:00 0 
6ad21000-6ae00000 ---p 00000000 00:00 0 
6ae0a000-6ae0f000 r-xp 00000000 08:07 3410976    /usr/lib/i386-linux-gnu/libffi.so.6.0.1
6ae0f000-6ae10000 r--p 00005000 08:07 3410976    /usr/lib/i386-linux-gnu/libffi.so.6.0.1
6ae10000-6ae11000 rw-p 00006000 08:07 3410976    /usr/lib/i386-linux-gnu/libffi.so.6.0.1
6ae11000-6ae19000 r--s 00077000 08:07 1322892    /home/imran/AndroidStudioProjects/MaterialDesign/app/build/intermediates/exploded-aar/com.android.support/appcompat-v7/22.0.0/jars/classes.jar
6ae19000-6ae28000 r--s 000dd000 08:07 1182132    /home/imran/Android/Sdk/build-tools/21.1.2/lib/dx.jar
6ae28000-6ae29000 ---p 00000000 00:00 0 
6ae29000-6aebe000 rw-p 00000000 00:00 0          [stack:6269]
6aebe000-6afff000 rw-p 00000000 00:00 0 
6afff000-6b007000 rw-p 00000000 00:00 0 
6b007000-6b03f000 rw-p 00000000 00:00 0 
6b03f000-6b054000 rw-p 00000000 00:00 0 
6b054000-6b194000 rw-p 00000000 00:00 0 
6b194000-6b19f000 rw-p 00000000 00:00 0 
6b19f000-6b23f000 rw-p 00000000 00:00 0 
6b23f000-6c240000 rw-p 00000000 00:00 0 
6c240000-73240000 rw-p 00000000 00:00 0 
73240000-75a80000 rw-p 00000000 00:00 0 
75a80000-9dcc0000 rw-p 00000000 00:00 0 
9dcc0000-9f100000 rw-p 00000000 00:00 0 
a0040000-b3240000 rw-p 00000000 00:00 0 
b3240000-b3249000 rw-p 00000000 00:00 0 
b3249000-b3300000 rw-p 00000000 00:00 0 
b3300000-b3540000 rwxp 00000000 00:00 0 
b3540000-b6400000 rw-p 00000000 00:00 0 
b6400000-b6403000 r-xp 00000000 08:07 3413825    /usr/lib/i386-linux-gnu/libgmodule-2.0.so.0.4002.0
b6403000-b6404000 r--p 00002000 08:07 3413825    /usr/lib/i386-linux-gnu/libgmodule-2.0.so.0.4002.0
b6404000-b6405000 rw-p 00003000 08:07 3413825    /usr/lib/i386-linux-gnu/libgmodule-2.0.so.0.4002.0
b6405000-b6407000 r--s 00012000 08:07 3286259    /usr/lib/jvm/java-7-openjdk-i386/jre/lib/ext/zipfs.jar
b6407000-b640a000 r--s 0000f000 08:07 3286254    /usr/lib/jvm/java-7-openjdk-i386/jre/lib/ext/icedtea-sound.jar
b640a000-b640e000 r--s 00034000 08:07 3286257    /usr/lib/jvm/java-7-openjdk-i386/jre/lib/ext/sunjce_provider.jar
b640e000-b6431000 rw-p 00000000 00:00 0 
b6431000-b6469000 rw-p 00000000 00:00 0 
b6469000-b6474000 r-xp 00000000 08:07 3146755    /lib/i386-linux-gnu/libnss_files-2.19.so
b6474000-b6475000 r--p 0000a000 08:07 3146755    /lib/i386-linux-gnu/libnss_files-2.19.so
b6475000-b6476000 rw-p 0000b000 08:07 3146755    /lib/i386-linux-gnu/libnss_files-2.19.so
b6476000-b6480000 r-xp 00000000 08:07 3145821    /lib/i386-linux-gnu/libnss_nis-2.19.so
b6480000-b6481000 r--p 00009000 08:07 3145821    /lib/i386-linux-gnu/libnss_nis-2.19.so
b6481000-b6482000 rw-p 0000a000 08:07 3145821    /lib/i386-linux-gnu/libnss_nis-2.19.so
b6482000-b6497000 r-xp 00000000 08:07 3145822    /lib/i386-linux-gnu/libnsl-2.19.so
b6497000-b6498000 r--p 00015000 08:07 3145822    /lib/i386-linux-gnu/libnsl-2.19.so
b6498000-b6499000 rw-p 00016000 08:07 3145822    /lib/i386-linux-gnu/libnsl-2.19.so
b6499000-b649b000 rw-p 00000000 00:00 0 
b649b000-b64a2000 r-xp 00000000 08:07 3145827    /lib/i386-linux-gnu/libnss_compat-2.19.so
b64a2000-b64a3000 r--p 00006000 08:07 3145827    /lib/i386-linux-gnu/libnss_compat-2.19.so
b64a3000-b64a4000 rw-p 00007000 08:07 3145827    /lib/i386-linux-gnu/libnss_compat-2.19.so
b64a5000-b64a7000 r--s 00006000 08:07 3804587    /usr/share/java/java-atk-wrapper.jar
b64a7000-b64aa000 r--s 00086000 08:07 3286256    /usr/lib/jvm/java-7-openjdk-i386/jre/lib/ext/localedata.jar
b64aa000-b64b2000 r-xp 00000000 08:07 3286204    /usr/lib/jvm/java-7-openjdk-i386/jre/lib/i386/libzip.so
b64b2000-b64b3000 r--p 00007000 08:07 3286204    /usr/lib/jvm/java-7-openjdk-i386/jre/lib/i386/libzip.so
b64b3000-b64b4000 rw-p 00008000 08:07 3286204    /usr/lib/jvm/java-7-openjdk-i386/jre/lib/i386/libzip.so
b64b4000-b64bc000 rw-s 00000000 08:07 3547222    /tmp/hsperfdata_imran/6247
b64bc000-b64e3000 r-xp 00000000 08:07 3286199    /usr/lib/jvm/java-7-openjdk-i386/jre/lib/i386/libjava.so
b64e3000-b64e4000 r--p 00026000 08:07 3286199    /usr/lib/jvm/java-7-openjdk-i386/jre/lib/i386/libjava.so
b64e4000-b64e5000 rw-p 00027000 08:07 3286199    /usr/lib/jvm/java-7-openjdk-i386/jre/lib/i386/libjava.so
b64e5000-b64ec000 r-xp 00000000 08:07 3149999    /lib/i386-linux-gnu/librt-2.19.so
b64ec000-b64ed000 r--p 00006000 08:07 3149999    /lib/i386-linux-gnu/librt-2.19.so
b64ed000-b64ee000 rw-p 00007000 08:07 3149999    /lib/i386-linux-gnu/librt-2.19.so
b64ee000-b64f1000 ---p 00000000 00:00 0 
b64f1000-b653f000 rw-p 00000000 00:00 0          [stack:6266]
b653f000-b655b000 r-xp 00000000 08:07 3145757    /lib/i386-linux-gnu/libgcc_s.so.1
b655b000-b655c000 rw-p 0001b000 08:07 3145757    /lib/i386-linux-gnu/libgcc_s.so.1
b655c000-b65a0000 r-xp 00000000 08:07 3145826    /lib/i386-linux-gnu/libm-2.19.so
b65a0000-b65a1000 r--p 00043000 08:07 3145826    /lib/i386-linux-gnu/libm-2.19.so
b65a1000-b65a2000 rw-p 00044000 08:07 3145826    /lib/i386-linux-gnu/libm-2.19.so
b65a2000-b667e000 r-xp 00000000 08:07 3411602    /usr/lib/i386-linux-gnu/libstdc++.so.6.0.19
b667e000-b667f000 ---p 000dc000 08:07 3411602    /usr/lib/i386-linux-gnu/libstdc++.so.6.0.19
b667f000-b6683000 r--p 000dc000 08:07 3411602    /usr/lib/i386-linux-gnu/libstdc++.so.6.0.19
b6683000-b6684000 rw-p 000e0000 08:07 3411602    /usr/lib/i386-linux-gnu/libstdc++.so.6.0.19
b6684000-b668b000 rw-p 00000000 00:00 0 
b668b000-b7079000 r-xp 00000000 08:07 3286214    /usr/lib/jvm/java-7-openjdk-i386/jre/lib/i386/server/libjvm.so
b7079000-b707a000 ---p 009ee000 08:07 3286214    /usr/lib/jvm/java-7-openjdk-i386/jre/lib/i386/server/libjvm.so
b707a000-b70cc000 r--p 009ee000 08:07 3286214    /usr/lib/jvm/java-7-openjdk-i386/jre/lib/i386/server/libjvm.so
b70cc000-b70e0000 rw-p 00a40000 08:07 3286214    /usr/lib/jvm/java-7-openjdk-i386/jre/lib/i386/server/libjvm.so
b70e0000-b74fe000 rw-p 00000000 00:00 0 
b74fe000-b7516000 r-xp 00000000 08:07 3146879    /lib/i386-linux-gnu/libz.so.1.2.8
b7516000-b7517000 r--p 00017000 08:07 3146879    /lib/i386-linux-gnu/libz.so.1.2.8
b7517000-b7518000 rw-p 00018000 08:07 3146879    /lib/i386-linux-gnu/libz.so.1.2.8
b7518000-b7530000 r-xp 00000000 08:07 3145831    /lib/i386-linux-gnu/libpthread-2.19.so
b7530000-b7531000 r--p 00018000 08:07 3145831    /lib/i386-linux-gnu/libpthread-2.19.so
b7531000-b7532000 rw-p 00019000 08:07 3145831    /lib/i386-linux-gnu/libpthread-2.19.so
b7532000-b7534000 rw-p 00000000 00:00 0 
b7534000-b7537000 r-xp 00000000 08:07 3145819    /lib/i386-linux-gnu/libdl-2.19.so
b7537000-b7538000 r--p 00002000 08:07 3145819    /lib/i386-linux-gnu/libdl-2.19.so
b7538000-b7539000 rw-p 00003000 08:07 3145819    /lib/i386-linux-gnu/libdl-2.19.so
b7539000-b76e1000 r-xp 00000000 08:07 3145818    /lib/i386-linux-gnu/libc-2.19.so
b76e1000-b76e3000 r--p 001a8000 08:07 3145818    /lib/i386-linux-gnu/libc-2.19.so
b76e3000-b76e4000 rw-p 001aa000 08:07 3145818    /lib/i386-linux-gnu/libc-2.19.so
b76e4000-b76e7000 rw-p 00000000 00:00 0 
b76e7000-b76eb000 r--s 0003c000 08:07 3286255    /usr/lib/jvm/java-7-openjdk-i386/jre/lib/ext/sunpkcs11.jar
b76eb000-b76ec000 r--s 00002000 08:07 3286258    /usr/lib/jvm/java-7-openjdk-i386/jre/lib/ext/dnsns.jar
b76ec000-b76ed000 r--p 00855000 08:07 3414116    /usr/lib/locale/locale-archive
b76ed000-b76ee000 rw-p 00000000 00:00 0 
b76ee000-b76ef000 ---p 00000000 00:00 0 
b76ef000-b76fd000 r-xp 00000000 08:07 3286221    /usr/lib/jvm/java-7-openjdk-i386/jre/lib/i386/libverify.so
b76fd000-b76fe000 r--p 0000d000 08:07 3286221    /usr/lib/jvm/java-7-openjdk-i386/jre/lib/i386/libverify.so
b76fe000-b76ff000 rw-p 0000e000 08:07 3286221    /usr/lib/jvm/java-7-openjdk-i386/jre/lib/i386/libverify.so
b76ff000-b770b000 r-xp 00000000 08:07 3286207    /usr/lib/jvm/java-7-openjdk-i386/jre/lib/i386/jli/libjli.so
b770b000-b770c000 r--p 0000c000 08:07 3286207    /usr/lib/jvm/java-7-openjdk-i386/jre/lib/i386/jli/libjli.so
b770c000-b770d000 rw-p 0000d000 08:07 3286207    /usr/lib/jvm/java-7-openjdk-i386/jre/lib/i386/jli/libjli.so
b770d000-b7710000 rw-p 00000000 00:00 0 
b7710000-b7711000 r-xp 00000000 00:00 0          [vdso]
b7711000-b7731000 r-xp 00000000 08:07 3145820    /lib/i386-linux-gnu/ld-2.19.so
b7731000-b7732000 r--p 0001f000 08:07 3145820    /lib/i386-linux-gnu/ld-2.19.so
b7732000-b7733000 rw-p 00020000 08:07 3145820    /lib/i386-linux-gnu/ld-2.19.so
bf8ce000-bf8cf000 rwxp 00000000 00:00 0 
bf900000-bf922000 rw-p 00000000 00:00 0          [stack]

VM Arguments:
jvm_args: -Xmx1024M -Dfile.encoding=UTF-8 -Duser.country=US -Duser.language=en -Duser.variant 
java_command: com.android.dx.command.Main --dex --output /home/imran/AndroidStudioProjects/MaterialDesign/app/build/intermediates/pre-dexed/debug/classes-d7c9e70be545087503f85c5b07b751e307267d8d.jar /home/imran/AndroidStudioProjects/MaterialDesign/app/build/intermediates/exploded-aar/com.android.support/appcompat-v7/22.0.0/jars/classes.jar
Launcher Type: SUN_STANDARD

Environment Variables:
JAVA_HOME=/usr/lib/jvm/java-7-oracle
CLASSPATH=./../lib/bootstrap.jar:./../lib/extensions.jar:./../lib/util.jar:./../lib/jdom.jar:./../lib/log4j.jar:./../lib/trove4j.jar:./../lib/jna.jar:/usr/lib/jvm/java-7-oracle/lib/tools.jar
PATH=/home//.genymotion:/home//.genymotion:/usr/local/sbin:/usr/local/bin:/usr/sbin:/usr/bin:/sbin:/bin:/usr/games:/usr/local/games:/usr/lib/jvm/java-7-oracle/bin:/usr/lib/jvm/java-7-oracle/db/bin:/usr/lib/jvm/java-7-oracle/jre/bin
LD_LIBRARY_PATH=.:
SHELL=/bin/bash
DISPLAY=:0

Signal Handlers:
SIGSEGV: [libjvm.so+0x80cd90], sa_mask[0]=0x7ffbfeff, sa_flags=0x10000004
SIGBUS: [libjvm.so+0x80cd90], sa_mask[0]=0x7ffbfeff, sa_flags=0x10000004
SIGFPE: [libjvm.so+0x684dd0], sa_mask[0]=0x7ffbfeff, sa_flags=0x10000004
SIGPIPE: [libjvm.so+0x684dd0], sa_mask[0]=0x7ffbfeff, sa_flags=0x10000004
SIGXFSZ: [libjvm.so+0x684dd0], sa_mask[0]=0x7ffbfeff, sa_flags=0x10000004
SIGILL: [libjvm.so+0x684dd0], sa_mask[0]=0x7ffbfeff, sa_flags=0x10000004
SIGUSR1: SIG_DFL, sa_mask[0]=0x00000000, sa_flags=0x00000000
SIGUSR2: [libjvm.so+0x684c60], sa_mask[0]=0x00000004, sa_flags=0x10000004
SIGHUP: [libjvm.so+0x684e90], sa_mask[0]=0x7ffbfeff, sa_flags=0x10000004
SIGINT: [libjvm.so+0x684e90], sa_mask[0]=0x7ffbfeff, sa_flags=0x10000004
SIGTERM: [libjvm.so+0x684e90], sa_mask[0]=0x7ffbfeff, sa_flags=0x10000004
SIGQUIT: [libjvm.so+0x684e90], sa_mask[0]=0x7ffbfeff, sa_flags=0x10000004
SIGTRAP: SIG_DFL, sa_mask[0]=0x00000000, sa_flags=0x00000000


---------------  S Y S T E M  ---------------

OS:Ubuntu 14.04 (trusty)
uname:Linux 3.13.0-52-generic #86-Ubuntu SMP Mon May 4 04:32:15 UTC 2015 i686
libc:glibc 2.19 NPTL 2.19 
rlimit: STACK 8192k, CORE 0k, NPROC 30800, NOFILE 4096, AS infinity
load average:20.36 6.01 2.68

/proc/meminfo:
MemTotal:        3961720 kB
MemFree:          194832 kB
Buffers:             228 kB
Cached:           418052 kB
SwapCached:            0 kB
Active:          2674148 kB
Inactive:         413116 kB
Active(anon):    2671964 kB
Inactive(anon):   411332 kB
Active(file):       2184 kB
Inactive(file):     1784 kB
Unevictable:         104 kB
Mlocked:             104 kB
HighTotal:       3106860 kB
HighFree:          39896 kB
LowTotal:         854860 kB
LowFree:          154936 kB
SwapTotal:             0 kB
SwapFree:              0 kB
Dirty:                40 kB
Writeback:             4 kB
AnonPages:       2669436 kB
Mapped:           762804 kB
Shmem:            413964 kB
Slab:              47948 kB
SReclaimable:      20652 kB
SUnreclaim:        27296 kB
KernelStack:        6104 kB
PageTables:        21528 kB
NFS_Unstable:          0 kB
Bounce:              364 kB
WritebackTmp:          0 kB
CommitLimit:     1980860 kB
Committed_AS:    8730012 kB
VmallocTotal:     122880 kB
VmallocUsed:       19256 kB
VmallocChunk:      99364 kB
HardwareCorrupted:     0 kB
AnonHugePages:   1296384 kB
HugePages_Total:       0
HugePages_Free:        0
HugePages_Rsvd:        0
HugePages_Surp:        0
Hugepagesize:       2048 kB
DirectMap4k:       43000 kB
DirectMap2M:      870400 kB


CPU:total 4 (2 cores per cpu, 2 threads per core) family 6 model 60 stepping 3, cmov, cx8, fxsr, mmx, sse, sse2, sse3, ssse3, sse4.1, sse4.2, popcnt, avx, avx2, aes, erms, ht, tsc, tscinvbit

/proc/cpuinfo:
processor	: 0
vendor_id	: GenuineIntel
cpu family	: 6
model		: 60
model name	: Intel(R) Core(TM) i3-4150 CPU @ 3.50GHz
stepping	: 3
microcode	: 0x12
cpu MHz		: 3500.000
cache size	: 3072 KB
physical id	: 0
siblings	: 4
core id		: 0
cpu cores	: 2
apicid		: 0
initial apicid	: 0
fdiv_bug	: no
f00f_bug	: no
coma_bug	: no
fpu		: yes
fpu_exception	: yes
cpuid level	: 13
wp		: yes
flags		: fpu vme de pse tsc msr pae mce cx8 apic sep mtrr pge mca cmov pat pse36 clflush dts acpi mmx fxsr sse sse2 ss ht tm pbe nx pdpe1gb rdtscp lm constant_tsc arch_perfmon pebs bts xtopology nonstop_tsc aperfmperf eagerfpu pni pclmulqdq dtes64 monitor ds_cpl vmx est tm2 ssse3 fma cx16 xtpr pdcm pcid sse4_1 sse4_2 movbe popcnt tsc_deadline_timer aes xsave avx f16c rdrand lahf_lm abm arat xsaveopt pln pts dtherm tpr_shadow vnmi flexpriority ept vpid fsgsbase tsc_adjust bmi1 avx2 smep bmi2 erms invpcid
bogomips	: 6984.28
clflush size	: 64
cache_alignment	: 64
address sizes	: 39 bits physical, 48 bits virtual
power management:

processor	: 1
vendor_id	: GenuineIntel
cpu family	: 6
model		: 60
model name	: Intel(R) Core(TM) i3-4150 CPU @ 3.50GHz
stepping	: 3
microcode	: 0x12
cpu MHz		: 3500.000
cache size	: 3072 KB
physical id	: 0
siblings	: 4
core id		: 1
cpu cores	: 2
apicid		: 2
initial apicid	: 2
fdiv_bug	: no
f00f_bug	: no
coma_bug	: no
fpu		: yes
fpu_exception	: yes
cpuid level	: 13
wp		: yes
flags		: fpu vme de pse tsc msr pae mce cx8 apic sep mtrr pge mca cmov pat pse36 clflush dts acpi mmx fxsr sse sse2 ss ht tm pbe nx pdpe1gb rdtscp lm constant_tsc arch_perfmon pebs bts xtopology nonstop_tsc aperfmperf eagerfpu pni pclmulqdq dtes64 monitor ds_cpl vmx est tm2 ssse3 fma cx16 xtpr pdcm pcid sse4_1 sse4_2 movbe popcnt tsc_deadline_timer aes xsave avx f16c rdrand lahf_lm abm arat xsaveopt pln pts dtherm tpr_shadow vnmi flexpriority ept vpid fsgsbase tsc_adjust bmi1 avx2 smep bmi2 erms invpcid
bogomips	: 6984.28
clflush size	: 64
cache_alignment	: 64
address sizes	: 39 bits physical, 48 bits virtual
power management:

processor	: 2
vendor_id	: GenuineIntel
cpu family	: 6
model		: 60
model name	: Intel(R) Core(TM) i3-4150 CPU @ 3.50GHz
stepping	: 3
microcode	: 0x12
cpu MHz		: 3500.000
cache size	: 3072 KB
physical id	: 0
siblings	: 4
core id		: 0
cpu cores	: 2
apicid		: 1
initial apicid	: 1
fdiv_bug	: no
f00f_bug	: no
coma_bug	: no
fpu		: yes
fpu_exception	: yes
cpuid level	: 13
wp		: yes
flags		: fpu vme de pse tsc msr pae mce cx8 apic sep mtrr pge mca cmov pat pse36 clflush dts acpi mmx fxsr sse sse2 ss ht tm pbe nx pdpe1gb rdtscp lm constant_tsc arch_perfmon pebs bts xtopology nonstop_tsc aperfmperf eagerfpu pni pclmulqdq dtes64 monitor ds_cpl vmx est tm2 ssse3 fma cx16 xtpr pdcm pcid sse4_1 sse4_2 movbe popcnt tsc_deadline_timer aes xsave avx f16c rdrand lahf_lm abm arat xsaveopt pln pts dtherm tpr_shadow vnmi flexpriority ept vpid fsgsbase tsc_adjust bmi1 avx2 smep bmi2 erms invpcid
bogomips	: 6984.28
clflush size	: 64
cache_alignment	: 64
address sizes	: 39 bits physical, 48 bits virtual
power management:

processor	: 3
vendor_id	: GenuineIntel
cpu family	: 6
model		: 60
model name	: Intel(R) Core(TM) i3-4150 CPU @ 3.50GHz
stepping	: 3
microcode	: 0x12
cpu MHz		: 3500.000
cache size	: 3072 KB
physical id	: 0
siblings	: 4
core id		: 1
cpu cores	: 2
apicid		: 3
initial apicid	: 3
fdiv_bug	: no
f00f_bug	: no
coma_bug	: no
fpu		: yes
fpu_exception	: yes
cpuid level	: 13
wp		: yes
flags		: fpu vme de pse tsc msr pae mce cx8 apic sep mtrr pge mca cmov pat pse36 clflush dts acpi mmx fxsr sse sse2 ss ht tm pbe nx pdpe1gb rdtscp lm constant_tsc arch_perfmon pebs bts xtopology nonstop_tsc aperfmperf eagerfpu pni pclmulqdq dtes64 monitor ds_cpl vmx est tm2 ssse3 fma cx16 xtpr pdcm pcid sse4_1 sse4_2 movbe popcnt tsc_deadline_timer aes xsave avx f16c rdrand lahf_lm abm arat xsaveopt pln pts dtherm tpr_shadow vnmi flexpriority ept vpid fsgsbase tsc_adjust bmi1 avx2 smep bmi2 erms invpcid
bogomips	: 6984.28
clflush size	: 64
cache_alignment	: 64
address sizes	: 39 bits physical, 48 bits virtual
power management:



Memory: 4k page, physical 3961720k(192700k free), swap 0k(0k free)

vm_info: OpenJDK Server VM (24.79-b02) for linux-x86 JRE (1.7.0_79-b14), built on Apr 16 2015 08:24:42 by "buildd" with gcc 4.8.2

time: Sat May  9 22:31:12 2015
elapsed time: 44 seconds

